[08:42:41.073][INFO]: Successfully identified and loaded plugin botania:default
[08:42:41.081][INFO]: Successfully identified and loaded plugin jeitweaker:default
[08:42:41.143][INFO]: Successfully identified and loaded plugin crafttweaker:builtin
[08:42:41.153][INFO]: Successfully identified and loaded plugin crafttweaker:builtin_forge
[08:42:41.165][INFO]: Successfully identified and loaded plugin mekanism:crt_plugin
[08:42:41.169][INFO]: Successfully identified and loaded plugin immersiveengineering:ct_module
[08:42:45.725][INFO]: The following mods have explicit CraftTweaker support through the default plugin:
[08:42:45.726][INFO]: - 'botania' at version '1.18.2-435'
[08:42:45.727][INFO]: - 'crafttweaker' at version '9.1.209'
[08:42:45.727][INFO]: - 'excompressum' at version '5.0.3'
[08:42:45.727][INFO]: - 'exnihilosequentia' at version '1.18.2-20230528-221633'
[08:42:45.727][INFO]: - 'extendedcrafting' at version '4.1.2'
[08:42:45.727][INFO]: - 'gamestages' at version '8.1.3'
[08:42:45.727][INFO]: - 'immersiveengineering' at version '1.18.2-8.4.0-161'
[08:42:45.727][INFO]: - 'itemstages' at version '4.0.3'
[08:42:45.727][INFO]: - 'jeitweaker' at version '3.0.0.9'
[08:42:45.727][INFO]: - 'mekanism' at version '10.2.5'
[08:42:45.727][INFO]: - 'mysticalagriculture' at version '5.1.5'
[08:42:45.727][INFO]: - 'projecte' at version '1.0.1'
[08:42:45.727][INFO]: - 'thermal' at version '9.2.0.46'
[08:42:45.727][INFO]: - 'thermal_foundation' at version '9.2.0.46'
[08:42:52.036][INFO]: Started loading scripts for loader 'mekanismcontent'
[08:42:52.243][INFO]: Compiling and executing scripts
[08:42:52.602][INFO]: Successfully initialized modules [mods, crafttweaker, expansions]
[08:42:52.697][INFO]: Execution for loader 'mekanismcontent' completed successfully
[08:42:52.697][INFO]: Registering 0 custom gases.
[08:42:52.704][INFO]: Registering 0 custom infuse types.
[08:42:52.710][INFO]: Registering 0 custom pigments.
[08:42:52.714][INFO]: Registering 0 custom robit skins.
[08:42:52.718][INFO]: Registering 0 custom slurries.
[08:42:56.538][INFO]: Started loading scripts for loader 'initialize'
[08:42:56.558][INFO]: Compiling and executing scripts
[08:42:56.577][INFO]: Successfully initialized modules [crafttweaker, expansions]
[08:42:56.588][INFO]: Execution for loader 'initialize' completed successfully
[08:44:02.458][INFO]: Started loading scripts for loader 'tags'
[08:44:02.471][INFO]: Compiling and executing scripts
[08:44:02.473][INFO]: Successfully initialized modules [crafttweaker, expansions]
[08:44:02.479][INFO]: Execution for loader 'tags' completed successfully
[08:44:06.241][INFO]: Started loading scripts for loader 'crafttweaker'
[08:44:06.253][INFO]: Compiling and executing scripts
[08:44:06.335][INFO]: Successfully initialized modules [mods, crafttweaker, expansions]
[08:44:06.336][INFO]: Loading file 'extended_crafting.zs' with priority 0
[08:44:06.337][INFO]: Loading file 'game_stages.zs' with priority 0
[08:44:06.351][INFO]: Adding Shaped Table recipe for <item:projecte:philosophers_stone>
[08:44:06.353][INFO]: [ItemStages] Creating new restriction for stages [create_stage].
[08:44:06.353][INFO]: [ItemStages] Creating new restriction for stages [botany_pots_stage].
[08:44:06.353][INFO]: [ItemStages] Creating new restriction for stages [botany_pots_tiers_stage].
[08:44:06.353][INFO]: [ItemStages] Creating new restriction for stages [mysticalagriculture_stage].
[08:44:06.353][INFO]: [ItemStages] Creating new restriction for stages [hostilenetworks_stage].
[08:44:06.354][INFO]: Execution for loader 'crafttweaker' completed successfully
[08:44:06.354][INFO]: This reload was made possible by Genryu and more! Become a patron at https://patreon.com/jaredlll08?s=crtmod
